[debug] [2024-09-20T09:09:29.625Z] ----------------------------------------------------------------------
[debug] [2024-09-20T09:09:29.629Z] Command:       C:\Program Files\nodejs\node.exe C:\Users\Administrator\AppData\Roaming\npm\node_modules\firebase-tools\lib\bin\firebase.js init
[debug] [2024-09-20T09:09:29.630Z] CLI Version:   13.17.0
[debug] [2024-09-20T09:09:29.630Z] Platform:      win32
[debug] [2024-09-20T09:09:29.630Z] Node Version:  v20.16.0
[debug] [2024-09-20T09:09:29.630Z] Time:          Fri Sep 20 2024 10:09:29 GMT+0100 (West Africa Standard Time)
[debug] [2024-09-20T09:09:29.630Z] ----------------------------------------------------------------------
[debug] 
[debug] [2024-09-20T09:09:29.643Z] > command requires scopes: ["email","openid","https://www.googleapis.com/auth/cloudplatformprojects.readonly","https://www.googleapis.com/auth/firebase","https://www.googleapis.com/auth/cloud-platform"]
[debug] [2024-09-20T09:09:29.644Z] > authorizing via signed-in user (marcdanielbassgounou@gmail.com)
[info] 
     ######## #### ########  ######## ########     ###     ######  ########
     ##        ##  ##     ## ##       ##     ##  ##   ##  ##       ##
     ######    ##  ########  ######   ########  #########  ######  ######
     ##        ##  ##    ##  ##       ##     ## ##     ##       ## ##
     ##       #### ##     ## ######## ########  ##     ##  ######  ########

You're about to initialize a Firebase project in this directory:

  D:\react_express_mysql_full_stack_application

[info] 
=== Project Setup
[info] 
[info] First, let's associate this project directory with a Firebase project.
[info] You can create multiple project aliases by running firebase use --add, 
[info] but for now we'll just set up a default project.
[info] 
[info] i  If you want to create a project in a Google Cloud organization or folder, please use "firebase projects:create" instead, and return to this command when you've created the project. 
